Added Component: Designator=C1(C_0603)
Added Component: Designator=C2(C_0603)
Added Component: Designator=C3(C_0603)
Added Component: Designator=C4(C_0603)
Added Component: Designator=C5(C_0603)
Added Component: Designator=C6(C_0603)
Added Component: Designator=C7(C_0603)
Added Component: Designator=C8(C_0603)
Added Component: Designator=C9(C_0603)
Added Component: Designator=C10(C_0603)
Added Component: Designator=C11(C_0603)
Added Component: Designator=C12(C_0603)
Added Component: Designator=C13(C_0603)
Added Component: Designator=C14(C_0603)
Added Component: Designator=C15(C_0603)
Added Component: Designator=C16(C_0603)
Added Component: Designator=C17(C_0603)
Added Component: Designator=C18(C_0603)
Added Component: Designator=D1(SOD-123)
Added Component: Designator=D2(LED_0603)
Added Component: Designator=D3(LED_0603)
Added Component: Designator=J1(0402-0R)
Add component (AddParameter): Name = "LatestRevisionDate"; Value = "17-Jul-2002"; VariantName = "[No Variations]"
Add component (AddParameter): Name = "LatestRevisionNote"; Value = "Re-released for DXP Platform."; VariantName = "[No Variations]"
Add component (AddParameter): Name = "PackageDescription"; Value = "Axial Device, Thru-Hole; 2 Leads; 0.4 in Pin Spacing"; VariantName = "[No Variations]"
Add component (AddParameter): Name = "PackageReference"; Value = "AXIAL-0.4"; VariantName = "[No Variations]"
Add component (AddParameter): Name = "Published"; Value = "8-Jun-2000"; VariantName = "[No Variations]"
Add component (AddParameter): Name = "Publisher"; Value = "Altium Limited"; VariantName = "[No Variations]"
Added Component: Designator=J2(0402-0R)
Add component (AddParameter): Name = "LatestRevisionDate"; Value = "17-Jul-2002"; VariantName = "[No Variations]"
Add component (AddParameter): Name = "LatestRevisionNote"; Value = "Re-released for DXP Platform."; VariantName = "[No Variations]"
Add component (AddParameter): Name = "PackageDescription"; Value = "Axial Device, Thru-Hole; 2 Leads; 0.4 in Pin Spacing"; VariantName = "[No Variations]"
Add component (AddParameter): Name = "PackageReference"; Value = "AXIAL-0.4"; VariantName = "[No Variations]"
Add component (AddParameter): Name = "Published"; Value = "8-Jun-2000"; VariantName = "[No Variations]"
Add component (AddParameter): Name = "Publisher"; Value = "Altium Limited"; VariantName = "[No Variations]"
Added Component: Designator=J3(0402-0R)
Add component (AddParameter): Name = "LatestRevisionDate"; Value = "17-Jul-2002"; VariantName = "[No Variations]"
Add component (AddParameter): Name = "LatestRevisionNote"; Value = "Re-released for DXP Platform."; VariantName = "[No Variations]"
Add component (AddParameter): Name = "PackageDescription"; Value = "Axial Device, Thru-Hole; 2 Leads; 0.4 in Pin Spacing"; VariantName = "[No Variations]"
Add component (AddParameter): Name = "PackageReference"; Value = "AXIAL-0.4"; VariantName = "[No Variations]"
Add component (AddParameter): Name = "Published"; Value = "8-Jun-2000"; VariantName = "[No Variations]"
Add component (AddParameter): Name = "Publisher"; Value = "Altium Limited"; VariantName = "[No Variations]"
Added Component: Designator=J4(0402-0R)
Add component (AddParameter): Name = "LatestRevisionDate"; Value = "17-Jul-2002"; VariantName = "[No Variations]"
Add component (AddParameter): Name = "LatestRevisionNote"; Value = "Re-released for DXP Platform."; VariantName = "[No Variations]"
Add component (AddParameter): Name = "PackageDescription"; Value = "Axial Device, Thru-Hole; 2 Leads; 0.4 in Pin Spacing"; VariantName = "[No Variations]"
Add component (AddParameter): Name = "PackageReference"; Value = "AXIAL-0.4"; VariantName = "[No Variations]"
Add component (AddParameter): Name = "Published"; Value = "8-Jun-2000"; VariantName = "[No Variations]"
Add component (AddParameter): Name = "Publisher"; Value = "Altium Limited"; VariantName = "[No Variations]"
Added Component: Designator=J5(0402-0R)
Add component (AddParameter): Name = "LatestRevisionDate"; Value = "17-Jul-2002"; VariantName = "[No Variations]"
Add component (AddParameter): Name = "LatestRevisionNote"; Value = "Re-released for DXP Platform."; VariantName = "[No Variations]"
Add component (AddParameter): Name = "PackageDescription"; Value = "Axial Device, Thru-Hole; 2 Leads; 0.4 in Pin Spacing"; VariantName = "[No Variations]"
Add component (AddParameter): Name = "PackageReference"; Value = "AXIAL-0.4"; VariantName = "[No Variations]"
Add component (AddParameter): Name = "Published"; Value = "8-Jun-2000"; VariantName = "[No Variations]"
Add component (AddParameter): Name = "Publisher"; Value = "Altium Limited"; VariantName = "[No Variations]"
Added Component: Designator=L1(ANT2051)
Add component (AddParameter): Name = "BOM_JLCPCB Part Class"; Value = "Extended Part"; VariantName = "[No Variations]"
Add component (AddParameter): Name = "BOM_Manufacturer"; Value = "Rainsun"; VariantName = "[No Variations]"
Add component (AddParameter): Name = "BOM_Manufacturer Part"; Value = "AN2051-245"; VariantName = "[No Variations]"
Add component (AddParameter): Name = "BOM_Supplier"; Value = "LCSC"; VariantName = "[No Variations]"
Add component (AddParameter): Name = "BOM_Supplier Part"; Value = "C99727"; VariantName = "[No Variations]"
Add component (AddParameter): Name = "spicePre"; Value = "L"; VariantName = "[No Variations]"
Add component (AddParameter): Name = "spiceSymbolName"; Value = "AN2051-245"; VariantName = "[No Variations]"
Added Component: Designator=P1(OLED-128*32)
Added Component: Designator=P2(HDR2.54-LI-15P)
Add component (AddParameter): Name = "BOM名称"; Value = "15P接插件"; VariantName = "[No Variations]"
Add component (AddParameter): Name = "学习资源"; Value = "www.ooocke.com"; VariantName = "[No Variations]"
Add component (AddParameter): Name = "版权归属"; Value = "源创客"; VariantName = "[No Variations]"
Added Component: Designator=P3(HDR2.54-LI-15P)
Add component (AddParameter): Name = "BOM名称"; Value = "15P接插件"; VariantName = "[No Variations]"
Add component (AddParameter): Name = "学习资源"; Value = "www.ooocke.com"; VariantName = "[No Variations]"
Add component (AddParameter): Name = "版权归属"; Value = "源创客"; VariantName = "[No Variations]"
Added Component: Designator=Q1(SOT23)
Add component (AddParameter): Name = "BOM_JLCPCB Part Class"; Value = "Extended Part"; VariantName = "[No Variations]"
Add component (AddParameter): Name = "BOM_Manufacturer"; Value = "FOSAN(富信)"; VariantName = "[No Variations]"
Add component (AddParameter): Name = "BOM_Manufacturer Part"; Value = "S8050"; VariantName = "[No Variations]"
Add component (AddParameter): Name = "BOM_Supplier"; Value = "LCSC"; VariantName = "[No Variations]"
Add component (AddParameter): Name = "BOM_Supplier Part"; Value = "C2926165"; VariantName = "[No Variations]"
Add component (AddParameter): Name = "Contributor"; Value = "LCSC"; VariantName = "[No Variations]"
Add component (AddParameter): Name = "spicePre"; Value = "Q"; VariantName = "[No Variations]"
Add component (AddParameter): Name = "spiceSymbolName"; Value = "S8050_C2926165"; VariantName = "[No Variations]"
Added Component: Designator=Q2(SOT23)
Add component (AddParameter): Name = "BOM_JLCPCB Part Class"; Value = "Extended Part"; VariantName = "[No Variations]"
Add component (AddParameter): Name = "BOM_Manufacturer"; Value = "FOSAN(富信)"; VariantName = "[No Variations]"
Add component (AddParameter): Name = "BOM_Manufacturer Part"; Value = "S8050"; VariantName = "[No Variations]"
Add component (AddParameter): Name = "BOM_Supplier"; Value = "LCSC"; VariantName = "[No Variations]"
Add component (AddParameter): Name = "BOM_Supplier Part"; Value = "C2926165"; VariantName = "[No Variations]"
Add component (AddParameter): Name = "Contributor"; Value = "LCSC"; VariantName = "[No Variations]"
Add component (AddParameter): Name = "spicePre"; Value = "Q"; VariantName = "[No Variations]"
Add component (AddParameter): Name = "spiceSymbolName"; Value = "S8050_C2926165"; VariantName = "[No Variations]"
Added Component: Designator=Q3(SOT23)
Add component (AddParameter): Name = "BOM_JLCPCB Part Class"; Value = "Extended Part"; VariantName = "[No Variations]"
Add component (AddParameter): Name = "BOM_Manufacturer"; Value = "FOSAN(富信)"; VariantName = "[No Variations]"
Add component (AddParameter): Name = "BOM_Manufacturer Part"; Value = "S8050"; VariantName = "[No Variations]"
Add component (AddParameter): Name = "BOM_Supplier"; Value = "LCSC"; VariantName = "[No Variations]"
Add component (AddParameter): Name = "BOM_Supplier Part"; Value = "C2926165"; VariantName = "[No Variations]"
Add component (AddParameter): Name = "Contributor"; Value = "LCSC"; VariantName = "[No Variations]"
Add component (AddParameter): Name = "spicePre"; Value = "Q"; VariantName = "[No Variations]"
Add component (AddParameter): Name = "spiceSymbolName"; Value = "S8050_C2926165"; VariantName = "[No Variations]"
Added Component: Designator=R1(R_0603)
Added Component: Designator=R2(R_0603)
Added Component: Designator=R3(R_0603)
Added Component: Designator=R4(R_0603)
Added Component: Designator=R5(R_0603)
Added Component: Designator=R6(R_0603)
Added Component: Designator=R7(R_0603)
Added Component: Designator=R8(R_0603)
Added Component: Designator=R9(R_0603)
Added Component: Designator=R10(R_0603)
Added Component: Designator=R11(R_0603)
Added Component: Designator=R12(R_0603)
Added Component: Designator=R13(R_0603)
Added Component: Designator=R14(R_0603)
Added Component: Designator=R15(R_0603)
Added Component: Designator=R16(R_0603)
Added Component: Designator=R17(R_0603)
Added Component: Designator=R18(R_0603)
Added Component: Designator=SW1(ButtonTACT_3x4x2_180)
Added Component: Designator=SW2(ButtonTACT_3x4x2_180)
Added Component: Designator=U1(LED_0603)
Add component (AddParameter): Name = "BOM_JLCPCB Part Class"; Value = "Extended Part"; VariantName = "[No Variations]"
Add component (AddParameter): Name = "BOM_Manufacturer"; Value = "Everlight Elec"; VariantName = "[No Variations]"
Add component (AddParameter): Name = "BOM_Manufacturer Part"; Value = "IR19-21C/TR8"; VariantName = "[No Variations]"
Add component (AddParameter): Name = "BOM_Supplier"; Value = "LCSC"; VariantName = "[No Variations]"
Add component (AddParameter): Name = "BOM_Supplier Part"; Value = "C93768"; VariantName = "[No Variations]"
Add component (AddParameter): Name = "Contributor"; Value = "LCSC"; VariantName = "[No Variations]"
Add component (AddParameter): Name = "spicePre"; Value = "U"; VariantName = "[No Variations]"
Add component (AddParameter): Name = "spiceSymbolName"; Value = "IR19-21C/TR8"; VariantName = "[No Variations]"
Added Component: Designator=U2(QFN24 4x4_N)
Add component (AddParameter): Name = "BOM_JLCPCB Part Class"; Value = "Basic Part"; VariantName = "[No Variations]"
Add component (AddParameter): Name = "BOM_Manufacturer"; Value = "InvenSense"; VariantName = "[No Variations]"
Add component (AddParameter): Name = "BOM_Manufacturer Part"; Value = "MPU-6050"; VariantName = "[No Variations]"
Add component (AddParameter): Name = "BOM_Supplier"; Value = "LCSC"; VariantName = "[No Variations]"
Add component (AddParameter): Name = "BOM_Supplier Part"; Value = "C24112"; VariantName = "[No Variations]"
Add component (AddParameter): Name = "sourceId"; Value = "1T5FDZYC8"; VariantName = "[No Variations]"
Add component (AddParameter): Name = "spicePre"; Value = "U"; VariantName = "[No Variations]"
Add component (AddParameter): Name = "spiceSymbolName"; Value = "MPU-6050_C24112"; VariantName = "[No Variations]"
Add component (AddParameter): Name = "timeStamp"; Value = "1462265206"; VariantName = "[No Variations]"
Added Component: Designator=U3(QFN48 7X7_N)
Add component (AddParameter): Name = "BOM_JLCPCB Part Class"; Value = "Extended Part"; VariantName = "[No Variations]"
Add component (AddParameter): Name = "BOM_Manufacturer"; Value = "Espressif Systems"; VariantName = "[No Variations]"
Add component (AddParameter): Name = "BOM_Manufacturer Part"; Value = "ESP32-PICO-D4"; VariantName = "[No Variations]"
Add component (AddParameter): Name = "BOM_Supplier"; Value = "LCSC"; VariantName = "[No Variations]"
Add component (AddParameter): Name = "BOM_Supplier Part"; Value = "C193707"; VariantName = "[No Variations]"
Add component (AddParameter): Name = "Contributor"; Value = "LCSC"; VariantName = "[No Variations]"
Add component (AddParameter): Name = "Frequency"; Value = "-"; VariantName = "[No Variations]"
Add component (AddParameter): Name = "spicePre"; Value = "U"; VariantName = "[No Variations]"
Add component (AddParameter): Name = "spiceSymbolName"; Value = "ESP32-PICO-D4"; VariantName = "[No Variations]"
Added Component: Designator=U4(QFN28 5x5_N)
Add component (AddParameter): Name = "BOM_JLCPCB Part Class"; Value = "Basic Part"; VariantName = "[No Variations]"
Add component (AddParameter): Name = "BOM_Manufacturer"; Value = "SILICON LABS"; VariantName = "[No Variations]"
Add component (AddParameter): Name = "BOM_Manufacturer Part"; Value = "CP2102-GMR"; VariantName = "[No Variations]"
Add component (AddParameter): Name = "BOM_Supplier"; Value = "LCSC"; VariantName = "[No Variations]"
Add component (AddParameter): Name = "BOM_Supplier Part"; Value = "C6568"; VariantName = "[No Variations]"
Add component (AddParameter): Name = "spicePre"; Value = "U"; VariantName = "[No Variations]"
Add component (AddParameter): Name = "spiceSymbolName"; Value = "CP2102-GMR"; VariantName = "[No Variations]"
Added Component: Designator=U5(SOT-89)
Added Component: Designator=USB1(USB-C-SMD_TYPE-C-USB-5)
Add component (AddParameter): Name = "BOM_JLCPCB Part Class"; Value = "Extended Part"; VariantName = "[No Variations]"
Add component (AddParameter): Name = "BOM_Manufacturer"; Value = "Shenzhen Kinghelm Elec"; VariantName = "[No Variations]"
Add component (AddParameter): Name = "BOM_Manufacturer Part"; Value = "KH-TYPE-C-16P"; VariantName = "[No Variations]"
Add component (AddParameter): Name = "BOM_Supplier"; Value = "LCSC"; VariantName = "[No Variations]"
Add component (AddParameter): Name = "BOM_Supplier Part"; Value = "C709357"; VariantName = "[No Variations]"
Add component (AddParameter): Name = "Contributor"; Value = "LCSC"; VariantName = "[No Variations]"
Add component (AddParameter): Name = "spicePre"; Value = "U"; VariantName = "[No Variations]"
Add component (AddParameter): Name = "spiceSymbolName"; Value = "KH-TYPE-C-16P"; VariantName = "[No Variations]"
Added Pin To Net: NetName=3V3_MCU Pin=C3-2
Added Pin To Net: NetName=3V3_MCU Pin=C4-2
Added Pin To Net: NetName=3V3_MCU Pin=R4-1
Added Pin To Net: NetName=3V3_MCU Pin=R8-2
Added Pin To Net: NetName=3V3_MCU Pin=U3-1
Added Pin To Net: NetName=3V3_MCU Pin=U3-3
Added Pin To Net: NetName=3V3_MCU Pin=U3-4
Added Pin To Net: NetName=3V3_MCU Pin=U3-19
Added Pin To Net: NetName=3V3_MCU Pin=U3-37
Added Pin To Net: NetName=3V3_MCU Pin=U3-43
Added Pin To Net: NetName=3V3_MCU Pin=U3-46
Added Net: Name=3V3_MCU
Added Pin To Net: NetName=3V3 Pin=C5-2
Added Pin To Net: NetName=3V3 Pin=C6-2
Added Pin To Net: NetName=3V3 Pin=C8-2
Added Pin To Net: NetName=3V3 Pin=C16-2
Added Pin To Net: NetName=3V3 Pin=C17-2
Added Pin To Net: NetName=3V3 Pin=D1-1
Added Pin To Net: NetName=3V3 Pin=D2-1
Added Pin To Net: NetName=3V3 Pin=D3-1
Added Pin To Net: NetName=3V3 Pin=P1-5
Added Pin To Net: NetName=3V3 Pin=P1-8
Added Pin To Net: NetName=3V3 Pin=P2-14
Added Pin To Net: NetName=3V3 Pin=R1-1
Added Pin To Net: NetName=3V3 Pin=R4-2
Added Pin To Net: NetName=3V3 Pin=R5-2
Added Pin To Net: NetName=3V3 Pin=R6-2
Added Pin To Net: NetName=3V3 Pin=R9-2
Added Pin To Net: NetName=3V3 Pin=U2-8
Added Pin To Net: NetName=3V3 Pin=U2-13
Added Pin To Net: NetName=3V3 Pin=U5-2
Added Pin To Net: NetName=3V3 Pin=U5-2
Added Net: Name=3V3
Added Pin To Net: NetName=CP_Rx Pin=U3-41
Added Pin To Net: NetName=CP_Rx Pin=U4-25
Added Net: Name=CP_Rx
Added Pin To Net: NetName=CP_Tx Pin=R11-2
Added Pin To Net: NetName=CP_Tx Pin=U3-40
Added Net: Name=CP_Tx
Added Pin To Net: NetName=DTR Pin=Q3-2
Added Pin To Net: NetName=DTR Pin=R16-2
Added Pin To Net: NetName=DTR Pin=U4-28
Added Net: Name=DTR
Added Pin To Net: NetName=EN Pin=C14-2
Added Pin To Net: NetName=EN Pin=Q2-3
Added Pin To Net: NetName=EN Pin=R8-1
Added Pin To Net: NetName=EN Pin=R17-2
Added Pin To Net: NetName=EN Pin=U3-9
Added Net: Name=EN
Added Pin To Net: NetName=GND Pin=C3-1
Added Pin To Net: NetName=GND Pin=C4-1
Added Pin To Net: NetName=GND Pin=C5-1
Added Pin To Net: NetName=GND Pin=C6-1
Added Pin To Net: NetName=GND Pin=C7-1
Added Pin To Net: NetName=GND Pin=C8-1
Added Pin To Net: NetName=GND Pin=C9-1
Added Pin To Net: NetName=GND Pin=C10-2
Added Pin To Net: NetName=GND Pin=C11-2
Added Pin To Net: NetName=GND Pin=C12-2
Added Pin To Net: NetName=GND Pin=C13-2
Added Pin To Net: NetName=GND Pin=C14-1
Added Pin To Net: NetName=GND Pin=C15-1
Added Pin To Net: NetName=GND Pin=C16-1
Added Pin To Net: NetName=GND Pin=C17-1
Added Pin To Net: NetName=GND Pin=C18-1
Added Pin To Net: NetName=GND Pin=P1-7
Added Pin To Net: NetName=GND Pin=P2-15
Added Pin To Net: NetName=GND Pin=P3-15
Added Pin To Net: NetName=GND Pin=Q1-2
Added Pin To Net: NetName=GND Pin=R3-2
Added Pin To Net: NetName=GND Pin=R7-2
Added Pin To Net: NetName=GND Pin=R12-1
Added Pin To Net: NetName=GND Pin=R13-1
Added Pin To Net: NetName=GND Pin=R14-2
Added Pin To Net: NetName=GND Pin=SW1-1
Added Pin To Net: NetName=GND Pin=SW2-1
Added Pin To Net: NetName=GND Pin=U2-1
Added Pin To Net: NetName=GND Pin=U2-9
Added Pin To Net: NetName=GND Pin=U2-11
Added Pin To Net: NetName=GND Pin=U2-18
Added Pin To Net: NetName=GND Pin=U2-25
Added Pin To Net: NetName=GND Pin=U3-49
Added Pin To Net: NetName=GND Pin=U4-3
Added Pin To Net: NetName=GND Pin=U4-29
Added Pin To Net: NetName=GND Pin=U5-1
Added Pin To Net: NetName=GND Pin=USB1-1
Added Pin To Net: NetName=GND Pin=USB1-2
Added Pin To Net: NetName=GND Pin=USB1-3
Added Pin To Net: NetName=GND Pin=USB1-4
Added Pin To Net: NetName=GND Pin=USB1-A1
Added Pin To Net: NetName=GND Pin=USB1-A12
Added Pin To Net: NetName=GND Pin=USB1-B1
Added Pin To Net: NetName=GND Pin=USB1-B12
Added Net: Name=GND
Added Pin To Net: NetName=GPIO0 Pin=P3-7
Added Pin To Net: NetName=GPIO0 Pin=Q3-3
Added Pin To Net: NetName=GPIO0 Pin=U3-23
Added Net: Name=GPIO0
Added Pin To Net: NetName=GPIO2 Pin=P3-8
Added Pin To Net: NetName=GPIO2 Pin=U3-22
Added Net: Name=GPIO2
Added Pin To Net: NetName=GPIO4 Pin=P3-6
Added Pin To Net: NetName=GPIO4 Pin=U3-24
Added Net: Name=GPIO4
Added Pin To Net: NetName=GPIO5 Pin=P3-3
Added Pin To Net: NetName=GPIO5 Pin=U3-34
Added Net: Name=GPIO5
Added Pin To Net: NetName=GPIO9 Pin=P3-5
Added Pin To Net: NetName=GPIO9 Pin=U3-28
Added Net: Name=GPIO9
Added Pin To Net: NetName=GPIO10 Pin=P3-4
Added Pin To Net: NetName=GPIO10 Pin=U3-29
Added Net: Name=GPIO10
Added Pin To Net: NetName=GPIO12 Pin=P3-11
Added Pin To Net: NetName=GPIO12 Pin=U3-18
Added Net: Name=GPIO12
Added Pin To Net: NetName=GPIO13 Pin=C18-2
Added Pin To Net: NetName=GPIO13 Pin=P3-10
Added Pin To Net: NetName=GPIO13 Pin=SW2-2
Added Pin To Net: NetName=GPIO13 Pin=U3-20
Added Net: Name=GPIO13
Added Pin To Net: NetName=GPIO14 Pin=P3-12
Added Pin To Net: NetName=GPIO14 Pin=U3-17
Added Net: Name=GPIO14
Added Pin To Net: NetName=GPIO15 Pin=P3-9
Added Pin To Net: NetName=GPIO15 Pin=U3-21
Added Net: Name=GPIO15
Added Pin To Net: NetName=GPIO18 Pin=P3-2
Added Pin To Net: NetName=GPIO18 Pin=U3-35
Added Net: Name=GPIO18
Added Pin To Net: NetName=GPIO19 Pin=J1-2
Added Pin To Net: NetName=GPIO19 Pin=P2-1
Added Pin To Net: NetName=GPIO19 Pin=U3-38
Added Net: Name=GPIO19
Added Pin To Net: NetName=GPIO21 Pin=J4-2
Added Pin To Net: NetName=GPIO21 Pin=P2-3
Added Pin To Net: NetName=GPIO21 Pin=U3-42
Added Net: Name=GPIO21
Added Pin To Net: NetName=GPIO22 Pin=J5-2
Added Pin To Net: NetName=GPIO22 Pin=P2-2
Added Pin To Net: NetName=GPIO22 Pin=U3-39
Added Net: Name=GPIO22
Added Pin To Net: NetName=GPIO23 Pin=P3-1
Added Pin To Net: NetName=GPIO23 Pin=U3-36
Added Net: Name=GPIO23
Added Pin To Net: NetName=GPIO25 Pin=P2-12
Added Pin To Net: NetName=GPIO25 Pin=U3-14
Added Net: Name=GPIO25
Added Pin To Net: NetName=GPIO26 Pin=P2-13
Added Pin To Net: NetName=GPIO26 Pin=U3-15
Added Net: Name=GPIO26
Added Pin To Net: NetName=GPIO27 Pin=P3-13
Added Pin To Net: NetName=GPIO27 Pin=R15-2
Added Pin To Net: NetName=GPIO27 Pin=U3-16
Added Net: Name=GPIO27
Added Pin To Net: NetName=GPIO32 Pin=J2-2
Added Pin To Net: NetName=GPIO32 Pin=P2-10
Added Pin To Net: NetName=GPIO32 Pin=U3-12
Added Net: Name=GPIO32
Added Pin To Net: NetName=GPIO33 Pin=J3-2
Added Pin To Net: NetName=GPIO33 Pin=P2-11
Added Pin To Net: NetName=GPIO33 Pin=U3-13
Added Net: Name=GPIO33
Added Pin To Net: NetName=GPIO34 Pin=P2-8
Added Pin To Net: NetName=GPIO34 Pin=U3-10
Added Net: Name=GPIO34
Added Pin To Net: NetName=GPIO35 Pin=P2-9
Added Pin To Net: NetName=GPIO35 Pin=U3-11
Added Net: Name=GPIO35
Added Pin To Net: NetName=GPIO37 Pin=P2-5
Added Pin To Net: NetName=GPIO37 Pin=U3-6
Added Net: Name=GPIO37
Added Pin To Net: NetName=GPIO38 Pin=P2-6
Added Pin To Net: NetName=GPIO38 Pin=U3-7
Added Net: Name=GPIO38
Added Pin To Net: NetName=IREF Pin=P1-12
Added Pin To Net: NetName=IREF Pin=R7-1
Added Net: Name=IREF
Added Pin To Net: NetName=IR Pin=J1-1
Added Pin To Net: NetName=IR Pin=R2-2
Added Net: Name=IR
Added Pin To Net: NetName=MPU_SCL Pin=J3-1
Added Pin To Net: NetName=MPU_SCL Pin=U2-23
Added Net: Name=MPU_SCL
Added Pin To Net: NetName=MPU_SDA Pin=J2-1
Added Pin To Net: NetName=MPU_SDA Pin=U2-24
Added Net: Name=MPU_SDA
Added Pin To Net: NetName=NetC1_1 Pin=C1-1
Added Pin To Net: NetName=NetC1_1 Pin=P1-3
Added Net: Name=NetC1_1
Added Pin To Net: NetName=NetC1_2 Pin=C1-2
Added Pin To Net: NetName=NetC1_2 Pin=P1-4
Added Net: Name=NetC1_2
Added Pin To Net: NetName=NetC2_1 Pin=C2-1
Added Pin To Net: NetName=NetC2_1 Pin=P1-1
Added Net: Name=NetC2_1
Added Pin To Net: NetName=NetC2_2 Pin=C2-2
Added Pin To Net: NetName=NetC2_2 Pin=P1-2
Added Net: Name=NetC2_2
Added Pin To Net: NetName=NetC7_2 Pin=C7-2
Added Pin To Net: NetName=NetC7_2 Pin=U2-20
Added Net: Name=NetC7_2
Added Pin To Net: NetName=NetC9_2 Pin=C9-2
Added Pin To Net: NetName=NetC9_2 Pin=U2-10
Added Net: Name=NetC9_2
Added Pin To Net: NetName=NetD2_2 Pin=D2-2
Added Pin To Net: NetName=NetD2_2 Pin=R14-1
Added Net: Name=NetD2_2
Added Pin To Net: NetName=NetD3_2 Pin=D3-2
Added Pin To Net: NetName=NetD3_2 Pin=R15-1
Added Net: Name=NetD3_2
Added Pin To Net: NetName=NetL1_1 Pin=L1-1
Added Pin To Net: NetName=NetL1_1 Pin=U3-2
Added Net: Name=NetL1_1
Added Pin To Net: NetName=NetQ1_1 Pin=Q1-1
Added Pin To Net: NetName=NetQ1_1 Pin=R2-1
Added Pin To Net: NetName=NetQ1_1 Pin=R3-1
Added Net: Name=NetQ1_1
Added Pin To Net: NetName=NetQ1_3 Pin=Q1-3
Added Pin To Net: NetName=NetQ1_3 Pin=U1-2
Added Net: Name=NetQ1_3
Added Pin To Net: NetName=NetQ2_1 Pin=Q2-1
Added Pin To Net: NetName=NetQ2_1 Pin=R16-1
Added Net: Name=NetQ2_1
Added Pin To Net: NetName=NetQ3_1 Pin=Q3-1
Added Pin To Net: NetName=NetQ3_1 Pin=R18-1
Added Net: Name=NetQ3_1
Added Pin To Net: NetName=NetR1_2 Pin=R1-2
Added Pin To Net: NetName=NetR1_2 Pin=U1-1
Added Net: Name=NetR1_2
Added Pin To Net: NetName=NetR10_2 Pin=R10-2
Added Pin To Net: NetName=NetR10_2 Pin=U4-9
Added Net: Name=NetR10_2
Added Pin To Net: NetName=NetR11_1 Pin=R11-1
Added Pin To Net: NetName=NetR11_1 Pin=U4-26
Added Net: Name=NetR11_1
Added Pin To Net: NetName=NetR12_2 Pin=R12-2
Added Pin To Net: NetName=NetR12_2 Pin=USB1-A5
Added Net: Name=NetR12_2
Added Pin To Net: NetName=NetR13_2 Pin=R13-2
Added Pin To Net: NetName=NetR13_2 Pin=USB1-B5
Added Net: Name=NetR13_2
Added Pin To Net: NetName=NetR17_1 Pin=R17-1
Added Pin To Net: NetName=NetR17_1 Pin=SW1-2
Added Net: Name=NetR17_1
Added Pin To Net: NetName=OLED_SCL Pin=J5-1
Added Pin To Net: NetName=OLED_SCL Pin=P1-10
Added Pin To Net: NetName=OLED_SCL Pin=R5-1
Added Net: Name=OLED_SCL
Added Pin To Net: NetName=OLED_SDA Pin=J4-1
Added Pin To Net: NetName=OLED_SDA Pin=P1-11
Added Pin To Net: NetName=OLED_SDA Pin=R6-1
Added Net: Name=OLED_SDA
Added Pin To Net: NetName=RST Pin=C12-1
Added Pin To Net: NetName=RST Pin=D1-2
Added Pin To Net: NetName=RST Pin=P1-9
Added Pin To Net: NetName=RST Pin=R9-1
Added Net: Name=RST
Added Pin To Net: NetName=RTS Pin=Q2-2
Added Pin To Net: NetName=RTS Pin=R18-2
Added Pin To Net: NetName=RTS Pin=U4-24
Added Net: Name=RTS
Added Pin To Net: NetName=SENSOR_VN Pin=P2-7
Added Pin To Net: NetName=SENSOR_VN Pin=U3-8
Added Net: Name=SENSOR_VN
Added Pin To Net: NetName=SENSOR_VP Pin=P2-4
Added Pin To Net: NetName=SENSOR_VP Pin=U3-5
Added Net: Name=SENSOR_VP
Added Pin To Net: NetName=USB-PWR-DM Pin=U4-5
Added Pin To Net: NetName=USB-PWR-DM Pin=USB1-A7
Added Pin To Net: NetName=USB-PWR-DM Pin=USB1-B7
Added Net: Name=USB-PWR-DM
Added Pin To Net: NetName=USB-PWR-DP Pin=U4-4
Added Pin To Net: NetName=USB-PWR-DP Pin=USB1-A6
Added Pin To Net: NetName=USB-PWR-DP Pin=USB1-B6
Added Net: Name=USB-PWR-DP
Added Pin To Net: NetName=VBUS Pin=C15-2
Added Pin To Net: NetName=VBUS Pin=P3-14
Added Pin To Net: NetName=VBUS Pin=R10-1
Added Pin To Net: NetName=VBUS Pin=U4-7
Added Pin To Net: NetName=VBUS Pin=U4-8
Added Pin To Net: NetName=VBUS Pin=U5-3
Added Pin To Net: NetName=VBUS Pin=USB1-A4
Added Pin To Net: NetName=VBUS Pin=USB1-A9
Added Pin To Net: NetName=VBUS Pin=USB1-B4
Added Pin To Net: NetName=VBUS Pin=USB1-B9
Added Net: Name=VBUS
Added Pin To Net: NetName=VCC Pin=C10-1
Added Pin To Net: NetName=VCC Pin=C11-1
Added Pin To Net: NetName=VCC Pin=P1-14
Added Net: Name=VCC
Added Pin To Net: NetName=VCOMH Pin=C13-1
Added Pin To Net: NetName=VCOMH Pin=P1-13
Added Net: Name=VCOMH
Added Class: Name=Sheet1
Added Room: Name=Sheet1
