Removed Pin From Net: NetName=GPIO19 Pin=P1-1
Removed Pin From Net: NetName=GPIO22 Pin=P1-2
Removed Pin From Net: NetName=CP_Tx Pin=P1-3
Removed Pin From Net: NetName=CP_Rx Pin=P1-4
Removed Pin From Net: NetName=GPIO21 Pin=P1-5
Removed Pin From Net: NetName=SENSOR_VP Pin=P1-6
Removed Pin From Net: NetName=GPIO37 Pin=P1-7
Removed Pin From Net: NetName=GPIO38 Pin=P1-8
Removed Pin From Net: NetName=SENSOR_VN Pin=P1-9
Removed Pin From Net: NetName=GPIO34 Pin=P1-10
Removed Pin From Net: NetName=GPIO35 Pin=P1-11
Removed Pin From Net: NetName=GPIO32 Pin=P1-12
Added Pin To Net: NetName=GPIO19 Pin=P1-2
Added Pin To Net: NetName=GPIO22 Pin=P1-3
Added Pin To Net: NetName=CP_Tx Pin=P1-4
Added Pin To Net: NetName=CP_Rx Pin=P1-5
Added Pin To Net: NetName=GPIO21 Pin=P1-6
Added Pin To Net: NetName=SENSOR_VP Pin=P1-7
Added Pin To Net: NetName=GPIO37 Pin=P1-8
Added Pin To Net: NetName=GPIO38 Pin=P1-9
Added Pin To Net: NetName=SENSOR_VN Pin=P1-10
Added Pin To Net: NetName=GPIO34 Pin=P1-11
Added Pin To Net: NetName=GPIO35 Pin=P1-12
Added Pin To Net: NetName=GPIO32 Pin=P1-13
Added Member To Class: ClassName=Sheet1 Member=Component P1 OLED-128*32
