Removed Pin From Net: NetName=GPIO19 Pin=P2-1
Removed Pin From Net: NetName=GPIO22 Pin=P2-2
Removed Pin From Net: NetName=GPIO21 Pin=P2-3
Removed Pin From Net: NetName=SENSOR_VP Pin=P2-4
Removed Pin From Net: NetName=GPIO37 Pin=P2-5
Removed Pin From Net: NetName=GPIO38 Pin=P2-6
Removed Pin From Net: NetName=SENSOR_VN Pin=P2-7
Removed Pin From Net: NetName=GPIO34 Pin=P2-8
Removed Pin From Net: NetName=GPIO35 Pin=P2-9
Removed Pin From Net: NetName=GPIO32 Pin=P2-10
Removed Pin From Net: NetName=GPIO33 Pin=P2-11
Removed Pin From Net: NetName=GPIO25 Pin=P2-12
Removed Pin From Net: NetName=GPIO26 Pin=P2-13
Removed Pin From Net: NetName=3V3 Pin=P2-14
Removed Pin From Net: NetName=GND Pin=P2-15
Removed Pin From Net: NetName=GPIO23 Pin=P3-1
Removed Pin From Net: NetName=GPIO18 Pin=P3-2
Removed Pin From Net: NetName=GPIO5 Pin=P3-3
Removed Pin From Net: NetName=GPIO10 Pin=P3-4
Removed Pin From Net: NetName=GPIO9 Pin=P3-5
Removed Pin From Net: NetName=GPIO4 Pin=P3-6
Removed Pin From Net: NetName=GPIO0 Pin=P3-7
Removed Pin From Net: NetName=GPIO2 Pin=P3-8
Removed Pin From Net: NetName=GPIO15 Pin=P3-9
Removed Pin From Net: NetName=GPIO13 Pin=P3-10
Removed Pin From Net: NetName=GPIO12 Pin=P3-11
Removed Pin From Net: NetName=GPIO14 Pin=P3-12
Removed Pin From Net: NetName=GPIO27 Pin=P3-13
Removed Pin From Net: NetName=VBUS Pin=P3-14
Removed Pin From Net: NetName=GND Pin=P3-15
Removed Member From Class: ClassName=Sheet1 Member=P3
Change Component Footprint: Designator=P2 Old Footprint=HDR2.54-LI-15P New Footprint=HDR2.54-LI-16P
Change Component Comment : Designator=P2 Old Comment=排针-直-15P New Comment=排针-直-16P
Change component parameters: Designator = "P2" ("P2"); Footprint = "HDR2.54-LI-15P"; UniqueID = "\YQTKUPVW" ("\YQTKUPVW")
Change component parameters (AddParameter): Name = "BOM名称"; Value = "16P接插件"; VariantName = "[No Variations]"
Change component parameters (AddParameter): Name = "学习资源"; Value = "https://shop463601444.taobao.com"; VariantName = "[No Variations]"
Change component parameters (AddParameter): Name = "版权归属"; Value = "封装库来自淘宝卖家 ID：黄晶宝石"; VariantName = "[No Variations]"
Added Component: Designator=P1(HDR2.54-LI-16P)
Add component (AddParameter): Name = "BOM名称"; Value = "16P接插件"; VariantName = "[No Variations]"
Add component (AddParameter): Name = "学习资源"; Value = "https://shop463601444.taobao.com"; VariantName = "[No Variations]"
Add component (AddParameter): Name = "版权归属"; Value = "封装库来自淘宝卖家 ID：黄晶宝石"; VariantName = "[No Variations]"
Added Pin To Net: NetName=GPIO19 Pin=P1-1
Added Pin To Net: NetName=GPIO22 Pin=P1-2
Added Pin To Net: NetName=CP_Tx Pin=P1-3
Added Pin To Net: NetName=CP_Rx Pin=P1-4
Added Pin To Net: NetName=GPIO21 Pin=P1-5
Added Pin To Net: NetName=SENSOR_VP Pin=P1-6
Added Pin To Net: NetName=GPIO37 Pin=P1-7
Added Pin To Net: NetName=GPIO38 Pin=P1-8
Added Pin To Net: NetName=SENSOR_VN Pin=P1-9
Added Pin To Net: NetName=GPIO34 Pin=P1-10
Added Pin To Net: NetName=GPIO35 Pin=P1-11
Added Pin To Net: NetName=GPIO32 Pin=P1-12
Added Pin To Net: NetName=GPIO33 Pin=P1-13
Added Pin To Net: NetName=GND Pin=P1-14
Added Pin To Net: NetName=3V3 Pin=P1-15
Added Pin To Net: NetName=VBUS Pin=P1-16
Added Pin To Net: NetName=GPIO23 Pin=P2-1
Added Pin To Net: NetName=GPIO18 Pin=P2-2
Added Pin To Net: NetName=GPIO5 Pin=P2-3
Added Pin To Net: NetName=GPIO10 Pin=P2-4
Added Pin To Net: NetName=GPIO9 Pin=P2-5
Added Pin To Net: NetName=GPIO4 Pin=P2-6
Added Pin To Net: NetName=GPIO0 Pin=P2-7
Added Pin To Net: NetName=GPIO2 Pin=P2-8
Added Pin To Net: NetName=GPIO15 Pin=P2-9
Added Pin To Net: NetName=GPIO13 Pin=P2-10
Added Pin To Net: NetName=GPIO12 Pin=P2-11
Added Pin To Net: NetName=GPIO14 Pin=P2-12
Added Pin To Net: NetName=GPIO27 Pin=P2-13
Added Pin To Net: NetName=GPIO26 Pin=P2-14
Added Pin To Net: NetName=GPIO25 Pin=P2-15
Added Pin To Net: NetName=GPIO33 Pin=P2-16
Added Member To Class: ClassName=Sheet1 Member=Component P1 OLED-128*32
